[2024-01-22 08:55:40,040] INFO [ControllerEventThread controllerId=0] Starting (kafka.controller.ControllerEventManager$ControllerEventThread)
[2024-01-22 08:55:40,071] INFO [Controller id=0] 0 successfully elected as the controller. Epoch incremented to 1 and epoch zk version is now 1 (kafka.controller.KafkaController)
[2024-01-22 08:55:40,075] INFO [Controller id=0] Creating FeatureZNode at path: /feature with contents: FeatureZNode(2,Enabled,Map()) (kafka.controller.KafkaController)
[2024-01-22 08:55:40,107] INFO [Controller id=0] Registering handlers (kafka.controller.KafkaController)
[2024-01-22 08:55:40,115] INFO [Controller id=0] Deleting log dir event notifications (kafka.controller.KafkaController)
[2024-01-22 08:55:40,121] INFO [Controller id=0] Deleting isr change notifications (kafka.controller.KafkaController)
[2024-01-22 08:55:40,123] INFO [Controller id=0] Initializing controller context (kafka.controller.KafkaController)
[2024-01-22 08:55:40,140] INFO [Controller id=0] Initialized broker epochs cache: HashMap(0 -> 25) (kafka.controller.KafkaController)
[2024-01-22 08:55:40,144] DEBUG [Controller id=0] Register BrokerModifications handler for Set(0) (kafka.controller.KafkaController)
[2024-01-22 08:55:40,149] DEBUG [Channel manager on controller 0]: Controller 0 trying to connect to broker 0 (kafka.controller.ControllerChannelManager)
[2024-01-22 08:55:40,159] INFO [RequestSendThread controllerId=0] Starting (kafka.controller.RequestSendThread)
[2024-01-22 08:55:40,161] INFO [Controller id=0] Currently active brokers in the cluster: Set(0) (kafka.controller.KafkaController)
[2024-01-22 08:55:40,161] INFO [Controller id=0] Currently shutting brokers in the cluster: HashSet() (kafka.controller.KafkaController)
[2024-01-22 08:55:40,161] INFO [Controller id=0] Current list of topics in the cluster: HashSet() (kafka.controller.KafkaController)
[2024-01-22 08:55:40,161] INFO [Controller id=0] Fetching topic deletions in progress (kafka.controller.KafkaController)
[2024-01-22 08:55:40,166] INFO [Controller id=0] List of topics to be deleted:  (kafka.controller.KafkaController)
[2024-01-22 08:55:40,167] INFO [Controller id=0] List of topics ineligible for deletion:  (kafka.controller.KafkaController)
[2024-01-22 08:55:40,167] INFO [Controller id=0] Initializing topic deletion manager (kafka.controller.KafkaController)
[2024-01-22 08:55:40,167] INFO [Topic Deletion Manager 0] Initializing manager with initial deletions: Set(), initial ineligible deletions: HashSet() (kafka.controller.TopicDeletionManager)
[2024-01-22 08:55:40,168] INFO [Controller id=0] Sending update metadata request (kafka.controller.KafkaController)
[2024-01-22 08:55:40,176] INFO [ReplicaStateMachine controllerId=0] Initializing replica state (kafka.controller.ZkReplicaStateMachine)
[2024-01-22 08:55:40,176] INFO [ReplicaStateMachine controllerId=0] Triggering online replica state changes (kafka.controller.ZkReplicaStateMachine)
[2024-01-22 08:55:40,179] INFO [ReplicaStateMachine controllerId=0] Triggering offline replica state changes (kafka.controller.ZkReplicaStateMachine)
[2024-01-22 08:55:40,179] DEBUG [ReplicaStateMachine controllerId=0] Started replica state machine with initial state -> HashMap() (kafka.controller.ZkReplicaStateMachine)
[2024-01-22 08:55:40,180] INFO [PartitionStateMachine controllerId=0] Initializing partition state (kafka.controller.ZkPartitionStateMachine)
[2024-01-22 08:55:40,180] INFO [PartitionStateMachine controllerId=0] Triggering online partition state changes (kafka.controller.ZkPartitionStateMachine)
[2024-01-22 08:55:40,183] DEBUG [PartitionStateMachine controllerId=0] Started partition state machine with initial state -> HashMap() (kafka.controller.ZkPartitionStateMachine)
[2024-01-22 08:55:40,183] INFO [Controller id=0] Ready to serve as the new controller with epoch 1 (kafka.controller.KafkaController)
[2024-01-22 08:55:40,192] INFO [Controller id=0] Partitions undergoing preferred replica election:  (kafka.controller.KafkaController)
[2024-01-22 08:55:40,192] INFO [Controller id=0] Partitions that completed preferred replica election:  (kafka.controller.KafkaController)
[2024-01-22 08:55:40,192] INFO [Controller id=0] Skipping preferred replica election for partitions due to topic deletion:  (kafka.controller.KafkaController)
[2024-01-22 08:55:40,192] INFO [Controller id=0] Resuming preferred replica election for partitions:  (kafka.controller.KafkaController)
[2024-01-22 08:55:40,193] INFO [Controller id=0] Starting replica leader election (PREFERRED) for partitions  triggered by ZkTriggered (kafka.controller.KafkaController)
[2024-01-22 08:55:40,208] INFO [Controller id=0] Starting the controller scheduler (kafka.controller.KafkaController)
[2024-01-22 08:55:40,697] INFO [RequestSendThread controllerId=0] Controller 0 connected to host.docker.internal:9092 (id: 0 rack: null) for sending state change requests (kafka.controller.RequestSendThread)
[2024-01-22 08:55:45,221] INFO [Controller id=0] Processing automatic preferred replica leader election (kafka.controller.KafkaController)
[2024-01-22 08:55:45,222] TRACE [Controller id=0] Checking need to trigger auto leader balancing (kafka.controller.KafkaController)
[2024-01-22 08:56:54,608] INFO [Controller id=0] Shutting down broker 0 (kafka.controller.KafkaController)
[2024-01-22 08:56:54,608] DEBUG [Controller id=0] All shutting down brokers: 0 (kafka.controller.KafkaController)
[2024-01-22 08:56:54,608] DEBUG [Controller id=0] Live brokers:  (kafka.controller.KafkaController)
[2024-01-22 08:56:54,611] TRACE [Controller id=0] All leaders =  (kafka.controller.KafkaController)
[2024-01-22 08:56:54,678] INFO [ControllerEventThread controllerId=0] Shutting down (kafka.controller.ControllerEventManager$ControllerEventThread)
[2024-01-22 08:56:54,679] INFO [ControllerEventThread controllerId=0] Stopped (kafka.controller.ControllerEventManager$ControllerEventThread)
[2024-01-22 08:56:54,679] INFO [ControllerEventThread controllerId=0] Shutdown completed (kafka.controller.ControllerEventManager$ControllerEventThread)
[2024-01-22 08:56:54,679] DEBUG [Controller id=0] Resigning (kafka.controller.KafkaController)
[2024-01-22 08:56:54,680] DEBUG [Controller id=0] Unregister BrokerModifications handler for Set(0) (kafka.controller.KafkaController)
[2024-01-22 08:56:54,681] INFO [PartitionStateMachine controllerId=0] Stopped partition state machine (kafka.controller.ZkPartitionStateMachine)
[2024-01-22 08:56:54,681] INFO [ReplicaStateMachine controllerId=0] Stopped replica state machine (kafka.controller.ZkReplicaStateMachine)
[2024-01-22 08:56:54,681] INFO [RequestSendThread controllerId=0] Shutting down (kafka.controller.RequestSendThread)
[2024-01-22 08:56:54,681] INFO [RequestSendThread controllerId=0] Stopped (kafka.controller.RequestSendThread)
[2024-01-22 08:56:54,681] INFO [RequestSendThread controllerId=0] Shutdown completed (kafka.controller.RequestSendThread)
[2024-01-22 08:56:54,683] INFO [Controller id=0] Resigned (kafka.controller.KafkaController)
