[2024-01-22 08:54:35,238] INFO Reading configuration from: .\config\zookeeper.properties (org.apache.zookeeper.server.quorum.QuorumPeerConfig)
[2024-01-22 08:54:35,249] INFO clientPortAddress is 0.0.0.0:2181 (org.apache.zookeeper.server.quorum.QuorumPeerConfig)
[2024-01-22 08:54:35,249] INFO secureClientPort is not set (org.apache.zookeeper.server.quorum.QuorumPeerConfig)
[2024-01-22 08:54:35,249] INFO observerMasterPort is not set (org.apache.zookeeper.server.quorum.QuorumPeerConfig)
[2024-01-22 08:54:35,249] INFO metricsProvider.className is org.apache.zookeeper.metrics.impl.DefaultMetricsProvider (org.apache.zookeeper.server.quorum.QuorumPeerConfig)
[2024-01-22 08:54:35,251] INFO autopurge.snapRetainCount set to 3 (org.apache.zookeeper.server.DatadirCleanupManager)
[2024-01-22 08:54:35,251] INFO autopurge.purgeInterval set to 0 (org.apache.zookeeper.server.DatadirCleanupManager)
[2024-01-22 08:54:35,252] INFO Purge task is not scheduled. (org.apache.zookeeper.server.DatadirCleanupManager)
[2024-01-22 08:54:35,252] WARN Either no config or no quorum defined in config, running in standalone mode (org.apache.zookeeper.server.quorum.QuorumPeerMain)
[2024-01-22 08:54:35,252] INFO Log4j 1.2 jmx support not found; jmx disabled. (org.apache.zookeeper.jmx.ManagedUtil)
[2024-01-22 08:54:35,253] INFO Reading configuration from: .\config\zookeeper.properties (org.apache.zookeeper.server.quorum.QuorumPeerConfig)
[2024-01-22 08:54:35,254] INFO clientPortAddress is 0.0.0.0:2181 (org.apache.zookeeper.server.quorum.QuorumPeerConfig)
[2024-01-22 08:54:35,254] INFO secureClientPort is not set (org.apache.zookeeper.server.quorum.QuorumPeerConfig)
[2024-01-22 08:54:35,254] INFO observerMasterPort is not set (org.apache.zookeeper.server.quorum.QuorumPeerConfig)
[2024-01-22 08:54:35,254] INFO metricsProvider.className is org.apache.zookeeper.metrics.impl.DefaultMetricsProvider (org.apache.zookeeper.server.quorum.QuorumPeerConfig)
[2024-01-22 08:54:35,256] INFO Starting server (org.apache.zookeeper.server.ZooKeeperServerMain)
[2024-01-22 08:54:35,269] INFO ServerMetrics initialized with provider org.apache.zookeeper.metrics.impl.DefaultMetricsProvider@15b204a1 (org.apache.zookeeper.server.ServerMetrics)
[2024-01-22 08:54:35,274] INFO ACL digest algorithm is: SHA1 (org.apache.zookeeper.server.auth.DigestAuthenticationProvider)
[2024-01-22 08:54:35,274] INFO zookeeper.DigestAuthenticationProvider.enabled = true (org.apache.zookeeper.server.auth.DigestAuthenticationProvider)
[2024-01-22 08:54:35,277] INFO zookeeper.snapshot.trust.empty : false (org.apache.zookeeper.server.persistence.FileTxnSnapLog)
[2024-01-22 08:54:35,290] INFO  (org.apache.zookeeper.server.ZooKeeperServer)
[2024-01-22 08:54:35,290] INFO   ______                  _                                           (org.apache.zookeeper.server.ZooKeeperServer)
[2024-01-22 08:54:35,291] INFO  |___  /                 | |                                          (org.apache.zookeeper.server.ZooKeeperServer)
[2024-01-22 08:54:35,291] INFO     / /    ___     ___   | | __   ___    ___   _ __     ___   _ __    (org.apache.zookeeper.server.ZooKeeperServer)
[2024-01-22 08:54:35,291] INFO    / /    / _ \   / _ \  | |/ /  / _ \  / _ \ | '_ \   / _ \ | '__| (org.apache.zookeeper.server.ZooKeeperServer)
[2024-01-22 08:54:35,291] INFO   / /__  | (_) | | (_) | |   <  |  __/ |  __/ | |_) | |  __/ | |     (org.apache.zookeeper.server.ZooKeeperServer)
[2024-01-22 08:54:35,291] INFO  /_____|  \___/   \___/  |_|\_\  \___|  \___| | .__/   \___| |_| (org.apache.zookeeper.server.ZooKeeperServer)
[2024-01-22 08:54:35,291] INFO                                               | |                      (org.apache.zookeeper.server.ZooKeeperServer)
[2024-01-22 08:54:35,291] INFO                                               |_|                      (org.apache.zookeeper.server.ZooKeeperServer)
[2024-01-22 08:54:35,291] INFO  (org.apache.zookeeper.server.ZooKeeperServer)
[2024-01-22 08:54:35,294] INFO Server environment:zookeeper.version=3.8.3-6ad6d364c7c0bcf0de452d54ebefa3058098ab56, built on 2023-10-05 10:34 UTC (org.apache.zookeeper.server.ZooKeeperServer)
[2024-01-22 08:54:35,294] INFO Server environment:host.name=host.docker.internal (org.apache.zookeeper.server.ZooKeeperServer)
[2024-01-22 08:54:35,294] INFO Server environment:java.version=17.0.8 (org.apache.zookeeper.server.ZooKeeperServer)
[2024-01-22 08:54:35,294] INFO Server environment:java.vendor=Oracle Corporation (org.apache.zookeeper.server.ZooKeeperServer)
[2024-01-22 08:54:35,294] INFO Server environment:java.home=C:\Program Files\Java\jdk-17 (org.apache.zookeeper.server.ZooKeeperServer)
[2024-01-22 08:54:35,295] INFO Server environment:java.class.path=C:\kafka\libs\activation-1.1.1.jar;C:\kafka\libs\aopalliance-repackaged-2.6.1.jar;C:\kafka\libs\argparse4j-0.7.0.jar;C:\kafka\libs\audience-annotations-0.12.0.jar;C:\kafka\libs\caffeine-2.9.3.jar;C:\kafka\libs\checker-qual-3.19.0.jar;C:\kafka\libs\commons-beanutils-1.9.4.jar;C:\kafka\libs\commons-cli-1.4.jar;C:\kafka\libs\commons-collections-3.2.2.jar;C:\kafka\libs\commons-digester-2.1.jar;C:\kafka\libs\commons-io-2.11.0.jar;C:\kafka\libs\commons-lang3-3.8.1.jar;C:\kafka\libs\commons-logging-1.2.jar;C:\kafka\libs\commons-validator-1.7.jar;C:\kafka\libs\connect-api-3.6.1.jar;C:\kafka\libs\connect-basic-auth-extension-3.6.1.jar;C:\kafka\libs\connect-file-3.6.1.jar;C:\kafka\libs\connect-json-3.6.1.jar;C:\kafka\libs\connect-mirror-3.6.1.jar;C:\kafka\libs\connect-mirror-client-3.6.1.jar;C:\kafka\libs\connect-runtime-3.6.1.jar;C:\kafka\libs\connect-transforms-3.6.1.jar;C:\kafka\libs\error_prone_annotations-2.10.0.jar;C:\kafka\libs\hk2-api-2.6.1.jar;C:\kafka\libs\hk2-locator-2.6.1.jar;C:\kafka\libs\hk2-utils-2.6.1.jar;C:\kafka\libs\jackson-annotations-2.13.5.jar;C:\kafka\libs\jackson-core-2.13.5.jar;C:\kafka\libs\jackson-databind-2.13.5.jar;C:\kafka\libs\jackson-dataformat-csv-2.13.5.jar;C:\kafka\libs\jackson-datatype-jdk8-2.13.5.jar;C:\kafka\libs\jackson-jaxrs-base-2.13.5.jar;C:\kafka\libs\jackson-jaxrs-json-provider-2.13.5.jar;C:\kafka\libs\jackson-module-jaxb-annotations-2.13.5.jar;C:\kafka\libs\jackson-module-scala_2.13-2.13.5.jar;C:\kafka\libs\jakarta.activation-api-1.2.2.jar;C:\kafka\libs\jakarta.annotation-api-1.3.5.jar;C:\kafka\libs\jakarta.inject-2.6.1.jar;C:\kafka\libs\jakarta.validation-api-2.0.2.jar;C:\kafka\libs\jakarta.ws.rs-api-2.1.6.jar;C:\kafka\libs\jakarta.xml.bind-api-2.3.3.jar;C:\kafka\libs\javassist-3.29.2-GA.jar;C:\kafka\libs\javax.activation-api-1.2.0.jar;C:\kafka\libs\javax.annotation-api-1.3.2.jar;C:\kafka\libs\javax.servlet-api-3.1.0.jar;C:\kafka\libs\javax.ws.rs-api-2.1.1.jar;C:\kafka\libs\jaxb-api-2.3.1.jar;C:\kafka\libs\jersey-client-2.39.1.jar;C:\kafka\libs\jersey-common-2.39.1.jar;C:\kafka\libs\jersey-container-servlet-2.39.1.jar;C:\kafka\libs\jersey-container-servlet-core-2.39.1.jar;C:\kafka\libs\jersey-hk2-2.39.1.jar;C:\kafka\libs\jersey-server-2.39.1.jar;C:\kafka\libs\jetty-client-9.4.52.v20230823.jar;C:\kafka\libs\jetty-continuation-9.4.52.v20230823.jar;C:\kafka\libs\jetty-http-9.4.52.v20230823.jar;C:\kafka\libs\jetty-io-9.4.52.v20230823.jar;C:\kafka\libs\jetty-security-9.4.52.v20230823.jar;C:\kafka\libs\jetty-server-9.4.52.v20230823.jar;C:\kafka\libs\jetty-servlet-9.4.52.v20230823.jar;C:\kafka\libs\jetty-servlets-9.4.52.v20230823.jar;C:\kafka\libs\jetty-util-9.4.52.v20230823.jar;C:\kafka\libs\jetty-util-ajax-9.4.52.v20230823.jar;C:\kafka\libs\jline-3.22.0.jar;C:\kafka\libs\jopt-simple-5.0.4.jar;C:\kafka\libs\jose4j-0.9.3.jar;C:\kafka\libs\jsr305-3.0.2.jar;C:\kafka\libs\kafka-clients-3.6.1.jar;C:\kafka\libs\kafka-group-coordinator-3.6.1.jar;C:\kafka\libs\kafka-log4j-appender-3.6.1.jar;C:\kafka\libs\kafka-metadata-3.6.1.jar;C:\kafka\libs\kafka-raft-3.6.1.jar;C:\kafka\libs\kafka-server-common-3.6.1.jar;C:\kafka\libs\kafka-shell-3.6.1.jar;C:\kafka\libs\kafka-storage-3.6.1.jar;C:\kafka\libs\kafka-storage-api-3.6.1.jar;C:\kafka\libs\kafka-streams-3.6.1.jar;C:\kafka\libs\kafka-streams-examples-3.6.1.jar;C:\kafka\libs\kafka-streams-scala_2.13-3.6.1.jar;C:\kafka\libs\kafka-streams-test-utils-3.6.1.jar;C:\kafka\libs\kafka-tools-3.6.1.jar;C:\kafka\libs\kafka-tools-api-3.6.1.jar;C:\kafka\libs\kafka_2.13-3.6.1.jar;C:\kafka\libs\lz4-java-1.8.0.jar;C:\kafka\libs\maven-artifact-3.8.8.jar;C:\kafka\libs\metrics-core-2.2.0.jar;C:\kafka\libs\metrics-core-4.1.12.1.jar;C:\kafka\libs\netty-buffer-4.1.100.Final.jar;C:\kafka\libs\netty-codec-4.1.100.Final.jar;C:\kafka\libs\netty-common-4.1.100.Final.jar;C:\kafka\libs\netty-handler-4.1.100.Final.jar;C:\kafka\libs\netty-resolver-4.1.100.Final.jar;C:\kafka\libs\netty-transport-4.1.100.Final.jar;C:\kafka\libs\netty-transport-classes-epoll-4.1.100.Final.jar;C:\kafka\libs\netty-transport-native-epoll-4.1.100.Final.jar;C:\kafka\libs\netty-transport-native-unix-common-4.1.100.Final.jar;C:\kafka\libs\osgi-resource-locator-1.0.3.jar;C:\kafka\libs\paranamer-2.8.jar;C:\kafka\libs\pcollections-4.0.1.jar;C:\kafka\libs\plexus-utils-3.3.1.jar;C:\kafka\libs\reflections-0.10.2.jar;C:\kafka\libs\reload4j-1.2.25.jar;C:\kafka\libs\rocksdbjni-7.9.2.jar;C:\kafka\libs\scala-collection-compat_2.13-2.10.0.jar;C:\kafka\libs\scala-java8-compat_2.13-1.0.2.jar;C:\kafka\libs\scala-library-2.13.11.jar;C:\kafka\libs\scala-logging_2.13-3.9.4.jar;C:\kafka\libs\scala-reflect-2.13.11.jar;C:\kafka\libs\slf4j-api-1.7.36.jar;C:\kafka\libs\slf4j-reload4j-1.7.36.jar;C:\kafka\libs\snappy-java-1.1.10.5.jar;C:\kafka\libs\swagger-annotations-2.2.8.jar;C:\kafka\libs\trogdor-3.6.1.jar;C:\kafka\libs\zookeeper-3.8.3.jar;C:\kafka\libs\zookeeper-jute-3.8.3.jar;C:\kafka\libs\zstd-jni-1.5.5-1.jar (org.apache.zookeeper.server.ZooKeeperServer)
[2024-01-22 08:54:35,295] INFO Server environment:java.library.path=C:\Program Files\Java\jdk-17\bin;C:\windows\Sun\Java\bin;C:\windows\system32;C:\windows;C:\Program Files\Common Files\Oracle\Java\javapath;C:\windows\system32;C:\windows;C:\windows\System32\Wbem;C:\windows\System32\WindowsPowerShell\v1.0\;C:\windows\System32\OpenSSH\;C:\Program Files (x86)\InvGate\Insight Agent;C:\Program Files\dotnet\;C:\Program Files\Java\jdk-17\bin;C:\Program Files\nodejs\;C:\apache-ant-1.10.12\bin;;C:\Program Files\Docker\Docker\resources\bin;C:\Users\uverlanio.pereira\AppData\Local\Microsoft\WindowsApps;;C:\Program Files\sf\bin;C:\Users\uverlanio.pereira\AppData\Roaming\npm;C:\Users\uverlanio.pereira\AppData\Local\Programs\Microsoft VS Code\bin;. (org.apache.zookeeper.server.ZooKeeperServer)
[2024-01-22 08:54:35,296] INFO Server environment:java.io.tmpdir=C:\Users\UVERLA~1.PER\AppData\Local\Temp\ (org.apache.zookeeper.server.ZooKeeperServer)
[2024-01-22 08:54:35,296] INFO Server environment:java.compiler=<NA> (org.apache.zookeeper.server.ZooKeeperServer)
[2024-01-22 08:54:35,296] INFO Server environment:os.name=Windows 11 (org.apache.zookeeper.server.ZooKeeperServer)
[2024-01-22 08:54:35,296] INFO Server environment:os.arch=amd64 (org.apache.zookeeper.server.ZooKeeperServer)
[2024-01-22 08:54:35,296] INFO Server environment:os.version=10.0 (org.apache.zookeeper.server.ZooKeeperServer)
[2024-01-22 08:54:35,296] INFO Server environment:user.name=uverlanio.pereira (org.apache.zookeeper.server.ZooKeeperServer)
[2024-01-22 08:54:35,296] INFO Server environment:user.home=C:\Users\uverlanio.pereira (org.apache.zookeeper.server.ZooKeeperServer)
[2024-01-22 08:54:35,297] INFO Server environment:user.dir=C:\kafka (org.apache.zookeeper.server.ZooKeeperServer)
[2024-01-22 08:54:35,297] INFO Server environment:os.memory.free=494MB (org.apache.zookeeper.server.ZooKeeperServer)
[2024-01-22 08:54:35,297] INFO Server environment:os.memory.max=512MB (org.apache.zookeeper.server.ZooKeeperServer)
[2024-01-22 08:54:35,297] INFO Server environment:os.memory.total=512MB (org.apache.zookeeper.server.ZooKeeperServer)
[2024-01-22 08:54:35,297] INFO zookeeper.enableEagerACLCheck = false (org.apache.zookeeper.server.ZooKeeperServer)
[2024-01-22 08:54:35,297] INFO zookeeper.digest.enabled = true (org.apache.zookeeper.server.ZooKeeperServer)
[2024-01-22 08:54:35,297] INFO zookeeper.closeSessionTxn.enabled = true (org.apache.zookeeper.server.ZooKeeperServer)
[2024-01-22 08:54:35,297] INFO zookeeper.flushDelay = 0 ms (org.apache.zookeeper.server.ZooKeeperServer)
[2024-01-22 08:54:35,298] INFO zookeeper.maxWriteQueuePollTime = 0 ms (org.apache.zookeeper.server.ZooKeeperServer)
[2024-01-22 08:54:35,298] INFO zookeeper.maxBatchSize=1000 (org.apache.zookeeper.server.ZooKeeperServer)
[2024-01-22 08:54:35,298] INFO zookeeper.intBufferStartingSizeBytes = 1024 (org.apache.zookeeper.server.ZooKeeperServer)
[2024-01-22 08:54:35,299] INFO Weighed connection throttling is disabled (org.apache.zookeeper.server.BlueThrottle)
[2024-01-22 08:54:35,300] INFO minSessionTimeout set to 6000 ms (org.apache.zookeeper.server.ZooKeeperServer)
[2024-01-22 08:54:35,300] INFO maxSessionTimeout set to 60000 ms (org.apache.zookeeper.server.ZooKeeperServer)
[2024-01-22 08:54:35,301] INFO getData response cache size is initialized with value 400. (org.apache.zookeeper.server.ResponseCache)
[2024-01-22 08:54:35,301] INFO getChildren response cache size is initialized with value 400. (org.apache.zookeeper.server.ResponseCache)
[2024-01-22 08:54:35,302] INFO zookeeper.pathStats.slotCapacity = 60 (org.apache.zookeeper.server.util.RequestPathMetricsCollector)
[2024-01-22 08:54:35,302] INFO zookeeper.pathStats.slotDuration = 15 (org.apache.zookeeper.server.util.RequestPathMetricsCollector)
[2024-01-22 08:54:35,302] INFO zookeeper.pathStats.maxDepth = 6 (org.apache.zookeeper.server.util.RequestPathMetricsCollector)
[2024-01-22 08:54:35,303] INFO zookeeper.pathStats.initialDelay = 5 (org.apache.zookeeper.server.util.RequestPathMetricsCollector)
[2024-01-22 08:54:35,303] INFO zookeeper.pathStats.delay = 5 (org.apache.zookeeper.server.util.RequestPathMetricsCollector)
[2024-01-22 08:54:35,303] INFO zookeeper.pathStats.enabled = false (org.apache.zookeeper.server.util.RequestPathMetricsCollector)
[2024-01-22 08:54:35,307] INFO The max bytes for all large requests are set to 104857600 (org.apache.zookeeper.server.ZooKeeperServer)
[2024-01-22 08:54:35,307] INFO The large request threshold is set to -1 (org.apache.zookeeper.server.ZooKeeperServer)
[2024-01-22 08:54:35,308] INFO zookeeper.enforce.auth.enabled = false (org.apache.zookeeper.server.AuthenticationHelper)
[2024-01-22 08:54:35,308] INFO zookeeper.enforce.auth.schemes = [] (org.apache.zookeeper.server.AuthenticationHelper)
[2024-01-22 08:54:35,308] INFO Created server with tickTime 3000 ms minSessionTimeout 6000 ms maxSessionTimeout 60000 ms clientPortListenBacklog -1 datadir c:\kafka\zookeeper\version-2 snapdir c:\kafka\zookeeper\version-2 (org.apache.zookeeper.server.ZooKeeperServer)
[2024-01-22 08:54:35,314] INFO Using org.apache.zookeeper.server.NIOServerCnxnFactory as server connection factory (org.apache.zookeeper.server.ServerCnxnFactory)
[2024-01-22 08:54:35,317] WARN maxCnxns is not configured, using default value 0. (org.apache.zookeeper.server.ServerCnxnFactory)
[2024-01-22 08:54:35,318] INFO Configuring NIO connection handler with 10s sessionless connection timeout, 2 selector thread(s), 16 worker threads, and 64 kB direct buffers. (org.apache.zookeeper.server.NIOServerCnxnFactory)
[2024-01-22 08:54:35,418] INFO binding to port 0.0.0.0/0.0.0.0:2181 (org.apache.zookeeper.server.NIOServerCnxnFactory)
[2024-01-22 08:54:35,434] INFO Using org.apache.zookeeper.server.watch.WatchManager as watch manager (org.apache.zookeeper.server.watch.WatchManagerFactory)
[2024-01-22 08:54:35,434] INFO Using org.apache.zookeeper.server.watch.WatchManager as watch manager (org.apache.zookeeper.server.watch.WatchManagerFactory)
[2024-01-22 08:54:35,435] INFO zookeeper.snapshotSizeFactor = 0.33 (org.apache.zookeeper.server.ZKDatabase)
[2024-01-22 08:54:35,435] INFO zookeeper.commitLogCount=500 (org.apache.zookeeper.server.ZKDatabase)
[2024-01-22 08:54:35,441] INFO zookeeper.snapshot.compression.method = CHECKED (org.apache.zookeeper.server.persistence.SnapStream)
[2024-01-22 08:54:35,441] INFO Snapshotting: 0x0 to c:\kafka\zookeeper\version-2\snapshot.0 (org.apache.zookeeper.server.persistence.FileTxnSnapLog)
[2024-01-22 08:54:35,446] INFO Snapshot loaded in 12 ms, highest zxid is 0x0, digest is 1371985504 (org.apache.zookeeper.server.ZKDatabase)
[2024-01-22 08:54:35,448] INFO Snapshotting: 0x0 to c:\kafka\zookeeper\version-2\snapshot.0 (org.apache.zookeeper.server.persistence.FileTxnSnapLog)
[2024-01-22 08:54:35,449] INFO Snapshot taken in 2 ms (org.apache.zookeeper.server.ZooKeeperServer)
[2024-01-22 08:54:35,459] INFO PrepRequestProcessor (sid:0) started, reconfigEnabled=false (org.apache.zookeeper.server.PrepRequestProcessor)
[2024-01-22 08:54:35,459] INFO zookeeper.request_throttler.shutdownTimeout = 10000 ms (org.apache.zookeeper.server.RequestThrottler)
[2024-01-22 08:54:35,480] INFO Using checkIntervalMs=60000 maxPerMinute=10000 maxNeverUsedIntervalMs=0 (org.apache.zookeeper.server.ContainerManager)
[2024-01-22 08:54:35,481] INFO ZooKeeper audit is disabled. (org.apache.zookeeper.audit.ZKAuditProvider)
[2024-01-22 08:55:38,874] INFO Registered kafka:type=kafka.Log4jController MBean (kafka.utils.Log4jControllerRegistration$)
[2024-01-22 08:55:39,069] INFO Setting -D jdk.tls.rejectClientInitiatedRenegotiation=true to disable client-initiated TLS renegotiation (org.apache.zookeeper.common.X509Util)
[2024-01-22 08:55:39,124] INFO starting (kafka.server.KafkaServer)
[2024-01-22 08:55:39,124] INFO Connecting to zookeeper on localhost:2181 (kafka.server.KafkaServer)
[2024-01-22 08:55:39,140] INFO [ZooKeeperClient Kafka server] Initializing a new session to localhost:2181. (kafka.zookeeper.ZooKeeperClient)
[2024-01-22 08:55:39,144] INFO Client environment:zookeeper.version=3.8.3-6ad6d364c7c0bcf0de452d54ebefa3058098ab56, built on 2023-10-05 10:34 UTC (org.apache.zookeeper.ZooKeeper)
[2024-01-22 08:55:39,145] INFO Client environment:host.name=host.docker.internal (org.apache.zookeeper.ZooKeeper)
[2024-01-22 08:55:39,145] INFO Client environment:java.version=17.0.8 (org.apache.zookeeper.ZooKeeper)
[2024-01-22 08:55:39,145] INFO Client environment:java.vendor=Oracle Corporation (org.apache.zookeeper.ZooKeeper)
[2024-01-22 08:55:39,145] INFO Client environment:java.home=C:\Program Files\Java\jdk-17 (org.apache.zookeeper.ZooKeeper)
[2024-01-22 08:55:39,145] INFO Client environment:java.class.path=C:\kafka\libs\activation-1.1.1.jar;C:\kafka\libs\aopalliance-repackaged-2.6.1.jar;C:\kafka\libs\argparse4j-0.7.0.jar;C:\kafka\libs\audience-annotations-0.12.0.jar;C:\kafka\libs\caffeine-2.9.3.jar;C:\kafka\libs\checker-qual-3.19.0.jar;C:\kafka\libs\commons-beanutils-1.9.4.jar;C:\kafka\libs\commons-cli-1.4.jar;C:\kafka\libs\commons-collections-3.2.2.jar;C:\kafka\libs\commons-digester-2.1.jar;C:\kafka\libs\commons-io-2.11.0.jar;C:\kafka\libs\commons-lang3-3.8.1.jar;C:\kafka\libs\commons-logging-1.2.jar;C:\kafka\libs\commons-validator-1.7.jar;C:\kafka\libs\connect-api-3.6.1.jar;C:\kafka\libs\connect-basic-auth-extension-3.6.1.jar;C:\kafka\libs\connect-file-3.6.1.jar;C:\kafka\libs\connect-json-3.6.1.jar;C:\kafka\libs\connect-mirror-3.6.1.jar;C:\kafka\libs\connect-mirror-client-3.6.1.jar;C:\kafka\libs\connect-runtime-3.6.1.jar;C:\kafka\libs\connect-transforms-3.6.1.jar;C:\kafka\libs\error_prone_annotations-2.10.0.jar;C:\kafka\libs\hk2-api-2.6.1.jar;C:\kafka\libs\hk2-locator-2.6.1.jar;C:\kafka\libs\hk2-utils-2.6.1.jar;C:\kafka\libs\jackson-annotations-2.13.5.jar;C:\kafka\libs\jackson-core-2.13.5.jar;C:\kafka\libs\jackson-databind-2.13.5.jar;C:\kafka\libs\jackson-dataformat-csv-2.13.5.jar;C:\kafka\libs\jackson-datatype-jdk8-2.13.5.jar;C:\kafka\libs\jackson-jaxrs-base-2.13.5.jar;C:\kafka\libs\jackson-jaxrs-json-provider-2.13.5.jar;C:\kafka\libs\jackson-module-jaxb-annotations-2.13.5.jar;C:\kafka\libs\jackson-module-scala_2.13-2.13.5.jar;C:\kafka\libs\jakarta.activation-api-1.2.2.jar;C:\kafka\libs\jakarta.annotation-api-1.3.5.jar;C:\kafka\libs\jakarta.inject-2.6.1.jar;C:\kafka\libs\jakarta.validation-api-2.0.2.jar;C:\kafka\libs\jakarta.ws.rs-api-2.1.6.jar;C:\kafka\libs\jakarta.xml.bind-api-2.3.3.jar;C:\kafka\libs\javassist-3.29.2-GA.jar;C:\kafka\libs\javax.activation-api-1.2.0.jar;C:\kafka\libs\javax.annotation-api-1.3.2.jar;C:\kafka\libs\javax.servlet-api-3.1.0.jar;C:\kafka\libs\javax.ws.rs-api-2.1.1.jar;C:\kafka\libs\jaxb-api-2.3.1.jar;C:\kafka\libs\jersey-client-2.39.1.jar;C:\kafka\libs\jersey-common-2.39.1.jar;C:\kafka\libs\jersey-container-servlet-2.39.1.jar;C:\kafka\libs\jersey-container-servlet-core-2.39.1.jar;C:\kafka\libs\jersey-hk2-2.39.1.jar;C:\kafka\libs\jersey-server-2.39.1.jar;C:\kafka\libs\jetty-client-9.4.52.v20230823.jar;C:\kafka\libs\jetty-continuation-9.4.52.v20230823.jar;C:\kafka\libs\jetty-http-9.4.52.v20230823.jar;C:\kafka\libs\jetty-io-9.4.52.v20230823.jar;C:\kafka\libs\jetty-security-9.4.52.v20230823.jar;C:\kafka\libs\jetty-server-9.4.52.v20230823.jar;C:\kafka\libs\jetty-servlet-9.4.52.v20230823.jar;C:\kafka\libs\jetty-servlets-9.4.52.v20230823.jar;C:\kafka\libs\jetty-util-9.4.52.v20230823.jar;C:\kafka\libs\jetty-util-ajax-9.4.52.v20230823.jar;C:\kafka\libs\jline-3.22.0.jar;C:\kafka\libs\jopt-simple-5.0.4.jar;C:\kafka\libs\jose4j-0.9.3.jar;C:\kafka\libs\jsr305-3.0.2.jar;C:\kafka\libs\kafka-clients-3.6.1.jar;C:\kafka\libs\kafka-group-coordinator-3.6.1.jar;C:\kafka\libs\kafka-log4j-appender-3.6.1.jar;C:\kafka\libs\kafka-metadata-3.6.1.jar;C:\kafka\libs\kafka-raft-3.6.1.jar;C:\kafka\libs\kafka-server-common-3.6.1.jar;C:\kafka\libs\kafka-shell-3.6.1.jar;C:\kafka\libs\kafka-storage-3.6.1.jar;C:\kafka\libs\kafka-storage-api-3.6.1.jar;C:\kafka\libs\kafka-streams-3.6.1.jar;C:\kafka\libs\kafka-streams-examples-3.6.1.jar;C:\kafka\libs\kafka-streams-scala_2.13-3.6.1.jar;C:\kafka\libs\kafka-streams-test-utils-3.6.1.jar;C:\kafka\libs\kafka-tools-3.6.1.jar;C:\kafka\libs\kafka-tools-api-3.6.1.jar;C:\kafka\libs\kafka_2.13-3.6.1.jar;C:\kafka\libs\lz4-java-1.8.0.jar;C:\kafka\libs\maven-artifact-3.8.8.jar;C:\kafka\libs\metrics-core-2.2.0.jar;C:\kafka\libs\metrics-core-4.1.12.1.jar;C:\kafka\libs\netty-buffer-4.1.100.Final.jar;C:\kafka\libs\netty-codec-4.1.100.Final.jar;C:\kafka\libs\netty-common-4.1.100.Final.jar;C:\kafka\libs\netty-handler-4.1.100.Final.jar;C:\kafka\libs\netty-resolver-4.1.100.Final.jar;C:\kafka\libs\netty-transport-4.1.100.Final.jar;C:\kafka\libs\netty-transport-classes-epoll-4.1.100.Final.jar;C:\kafka\libs\netty-transport-native-epoll-4.1.100.Final.jar;C:\kafka\libs\netty-transport-native-unix-common-4.1.100.Final.jar;C:\kafka\libs\osgi-resource-locator-1.0.3.jar;C:\kafka\libs\paranamer-2.8.jar;C:\kafka\libs\pcollections-4.0.1.jar;C:\kafka\libs\plexus-utils-3.3.1.jar;C:\kafka\libs\reflections-0.10.2.jar;C:\kafka\libs\reload4j-1.2.25.jar;C:\kafka\libs\rocksdbjni-7.9.2.jar;C:\kafka\libs\scala-collection-compat_2.13-2.10.0.jar;C:\kafka\libs\scala-java8-compat_2.13-1.0.2.jar;C:\kafka\libs\scala-library-2.13.11.jar;C:\kafka\libs\scala-logging_2.13-3.9.4.jar;C:\kafka\libs\scala-reflect-2.13.11.jar;C:\kafka\libs\slf4j-api-1.7.36.jar;C:\kafka\libs\slf4j-reload4j-1.7.36.jar;C:\kafka\libs\snappy-java-1.1.10.5.jar;C:\kafka\libs\swagger-annotations-2.2.8.jar;C:\kafka\libs\trogdor-3.6.1.jar;C:\kafka\libs\zookeeper-3.8.3.jar;C:\kafka\libs\zookeeper-jute-3.8.3.jar;C:\kafka\libs\zstd-jni-1.5.5-1.jar (org.apache.zookeeper.ZooKeeper)
[2024-01-22 08:55:39,145] INFO Client environment:java.library.path=C:\Program Files\Java\jdk-17\bin;C:\windows\Sun\Java\bin;C:\windows\system32;C:\windows;C:\Program Files\Common Files\Oracle\Java\javapath;C:\windows\system32;C:\windows;C:\windows\System32\Wbem;C:\windows\System32\WindowsPowerShell\v1.0\;C:\windows\System32\OpenSSH\;C:\Program Files (x86)\InvGate\Insight Agent;C:\Program Files\dotnet\;C:\Program Files\Java\jdk-17\bin;C:\Program Files\nodejs\;C:\apache-ant-1.10.12\bin;;C:\Program Files\Docker\Docker\resources\bin;C:\Users\uverlanio.pereira\AppData\Local\Microsoft\WindowsApps;;C:\Program Files\sf\bin;C:\Users\uverlanio.pereira\AppData\Roaming\npm;C:\Users\uverlanio.pereira\AppData\Local\Programs\Microsoft VS Code\bin;. (org.apache.zookeeper.ZooKeeper)
[2024-01-22 08:55:39,146] INFO Client environment:java.io.tmpdir=C:\Users\UVERLA~1.PER\AppData\Local\Temp\ (org.apache.zookeeper.ZooKeeper)
[2024-01-22 08:55:39,146] INFO Client environment:java.compiler=<NA> (org.apache.zookeeper.ZooKeeper)
[2024-01-22 08:55:39,146] INFO Client environment:os.name=Windows 11 (org.apache.zookeeper.ZooKeeper)
[2024-01-22 08:55:39,146] INFO Client environment:os.arch=amd64 (org.apache.zookeeper.ZooKeeper)
[2024-01-22 08:55:39,146] INFO Client environment:os.version=10.0 (org.apache.zookeeper.ZooKeeper)
[2024-01-22 08:55:39,146] INFO Client environment:user.name=uverlanio.pereira (org.apache.zookeeper.ZooKeeper)
[2024-01-22 08:55:39,146] INFO Client environment:user.home=C:\Users\uverlanio.pereira (org.apache.zookeeper.ZooKeeper)
[2024-01-22 08:55:39,147] INFO Client environment:user.dir=C:\kafka (org.apache.zookeeper.ZooKeeper)
[2024-01-22 08:55:39,147] INFO Client environment:os.memory.free=986MB (org.apache.zookeeper.ZooKeeper)
[2024-01-22 08:55:39,147] INFO Client environment:os.memory.max=1024MB (org.apache.zookeeper.ZooKeeper)
[2024-01-22 08:55:39,147] INFO Client environment:os.memory.total=1024MB (org.apache.zookeeper.ZooKeeper)
[2024-01-22 08:55:39,148] INFO Initiating client connection, connectString=localhost:2181 sessionTimeout=18000 watcher=kafka.zookeeper.ZooKeeperClient$ZooKeeperClientWatcher$@45ac5f9b (org.apache.zookeeper.ZooKeeper)
[2024-01-22 08:55:39,184] INFO jute.maxbuffer value is 4194304 Bytes (org.apache.zookeeper.ClientCnxnSocket)
[2024-01-22 08:55:39,192] INFO zookeeper.request.timeout value is 0. feature enabled=false (org.apache.zookeeper.ClientCnxn)
[2024-01-22 08:55:39,193] INFO [ZooKeeperClient Kafka server] Waiting until connected. (kafka.zookeeper.ZooKeeperClient)
[2024-01-22 08:55:39,194] INFO Opening socket connection to server localhost/127.0.0.1:2181. (org.apache.zookeeper.ClientCnxn)
[2024-01-22 08:55:39,199] INFO Socket connection established, initiating session, client: /127.0.0.1:58031, server: localhost/127.0.0.1:2181 (org.apache.zookeeper.ClientCnxn)
[2024-01-22 08:55:39,206] INFO Creating new log file: log.1 (org.apache.zookeeper.server.persistence.FileTxnLog)
[2024-01-22 08:55:39,218] INFO Session establishment complete on server localhost/127.0.0.1:2181, session id = 0x10000290de10000, negotiated timeout = 18000 (org.apache.zookeeper.ClientCnxn)
[2024-01-22 08:55:39,220] INFO [ZooKeeperClient Kafka server] Connected. (kafka.zookeeper.ZooKeeperClient)
[2024-01-22 08:55:39,437] INFO Cluster ID = GvEKpBROQla8JJKR8d4pWw (kafka.server.KafkaServer)
[2024-01-22 08:55:39,439] WARN No meta.properties file under dir c:\kafka\kafka-logs\meta.properties (kafka.server.BrokerMetadataCheckpoint)
[2024-01-22 08:55:39,471] INFO KafkaConfig values: 
	advertised.listeners = null
	alter.config.policy.class.name = null
	alter.log.dirs.replication.quota.window.num = 11
	alter.log.dirs.replication.quota.window.size.seconds = 1
	authorizer.class.name = 
	auto.create.topics.enable = true
	auto.include.jmx.reporter = true
	auto.leader.rebalance.enable = true
	background.threads = 10
	broker.heartbeat.interval.ms = 2000
	broker.id = 0
	broker.id.generation.enable = true
	broker.rack = null
	broker.session.timeout.ms = 9000
	client.quota.callback.class = null
	compression.type = producer
	connection.failed.authentication.delay.ms = 100
	connections.max.idle.ms = 600000
	connections.max.reauth.ms = 0
	control.plane.listener.name = null
	controlled.shutdown.enable = true
	controlled.shutdown.max.retries = 3
	controlled.shutdown.retry.backoff.ms = 5000
	controller.listener.names = null
	controller.quorum.append.linger.ms = 25
	controller.quorum.election.backoff.max.ms = 1000
	controller.quorum.election.timeout.ms = 1000
	controller.quorum.fetch.timeout.ms = 2000
	controller.quorum.request.timeout.ms = 2000
	controller.quorum.retry.backoff.ms = 20
	controller.quorum.voters = []
	controller.quota.window.num = 11
	controller.quota.window.size.seconds = 1
	controller.socket.timeout.ms = 30000
	create.topic.policy.class.name = null
	default.replication.factor = 1
	delegation.token.expiry.check.interval.ms = 3600000
	delegation.token.expiry.time.ms = 86400000
	delegation.token.master.key = null
	delegation.token.max.lifetime.ms = 604800000
	delegation.token.secret.key = null
	delete.records.purgatory.purge.interval.requests = 1
	delete.topic.enable = true
	early.start.listeners = null
	fetch.max.bytes = 57671680
	fetch.purgatory.purge.interval.requests = 1000
	group.consumer.assignors = [org.apache.kafka.coordinator.group.assignor.RangeAssignor]
	group.consumer.heartbeat.interval.ms = 5000
	group.consumer.max.heartbeat.interval.ms = 15000
	group.consumer.max.session.timeout.ms = 60000
	group.consumer.max.size = 2147483647
	group.consumer.min.heartbeat.interval.ms = 5000
	group.consumer.min.session.timeout.ms = 45000
	group.consumer.session.timeout.ms = 45000
	group.coordinator.new.enable = false
	group.coordinator.threads = 1
	group.initial.rebalance.delay.ms = 0
	group.max.session.timeout.ms = 1800000
	group.max.size = 2147483647
	group.min.session.timeout.ms = 6000
	initial.broker.registration.timeout.ms = 60000
	inter.broker.listener.name = null
	inter.broker.protocol.version = 3.6-IV2
	kafka.metrics.polling.interval.secs = 10
	kafka.metrics.reporters = []
	leader.imbalance.check.interval.seconds = 300
	leader.imbalance.per.broker.percentage = 10
	listener.security.protocol.map = PLAINTEXT:PLAINTEXT,SSL:SSL,SASL_PLAINTEXT:SASL_PLAINTEXT,SASL_SSL:SASL_SSL
	listeners = PLAINTEXT://:9092
	log.cleaner.backoff.ms = 15000
	log.cleaner.dedupe.buffer.size = 134217728
	log.cleaner.delete.retention.ms = 86400000
	log.cleaner.enable = true
	log.cleaner.io.buffer.load.factor = 0.9
	log.cleaner.io.buffer.size = 524288
	log.cleaner.io.max.bytes.per.second = 1.7976931348623157E308
	log.cleaner.max.compaction.lag.ms = 9223372036854775807
	log.cleaner.min.cleanable.ratio = 0.5
	log.cleaner.min.compaction.lag.ms = 0
	log.cleaner.threads = 1
	log.cleanup.policy = [delete]
	log.dir = /tmp/kafka-logs
	log.dirs = c:/kafka/kafka-logs
	log.flush.interval.messages = 9223372036854775807
	log.flush.interval.ms = null
	log.flush.offset.checkpoint.interval.ms = 60000
	log.flush.scheduler.interval.ms = 9223372036854775807
	log.flush.start.offset.checkpoint.interval.ms = 60000
	log.index.interval.bytes = 4096
	log.index.size.max.bytes = 10485760
	log.local.retention.bytes = -2
	log.local.retention.ms = -2
	log.message.downconversion.enable = true
	log.message.format.version = 3.0-IV1
	log.message.timestamp.after.max.ms = 9223372036854775807
	log.message.timestamp.before.max.ms = 9223372036854775807
	log.message.timestamp.difference.max.ms = 9223372036854775807
	log.message.timestamp.type = CreateTime
	log.preallocate = false
	log.retention.bytes = -1
	log.retention.check.interval.ms = 300000
	log.retention.hours = 168
	log.retention.minutes = null
	log.retention.ms = null
	log.roll.hours = 168
	log.roll.jitter.hours = 0
	log.roll.jitter.ms = null
	log.roll.ms = null
	log.segment.bytes = 1073741824
	log.segment.delete.delay.ms = 60000
	max.connection.creation.rate = 2147483647
	max.connections = 2147483647
	max.connections.per.ip = 2147483647
	max.connections.per.ip.overrides = 
	max.incremental.fetch.session.cache.slots = 1000
	message.max.bytes = 1048588
	metadata.log.dir = null
	metadata.log.max.record.bytes.between.snapshots = 20971520
	metadata.log.max.snapshot.interval.ms = 3600000
	metadata.log.segment.bytes = 1073741824
	metadata.log.segment.min.bytes = 8388608
	metadata.log.segment.ms = 604800000
	metadata.max.idle.interval.ms = 500
	metadata.max.retention.bytes = 104857600
	metadata.max.retention.ms = 604800000
	metric.reporters = []
	metrics.num.samples = 2
	metrics.recording.level = INFO
	metrics.sample.window.ms = 30000
	min.insync.replicas = 1
	node.id = 0
	num.io.threads = 8
	num.network.threads = 3
	num.partitions = 1
	num.recovery.threads.per.data.dir = 1
	num.replica.alter.log.dirs.threads = null
	num.replica.fetchers = 1
	offset.metadata.max.bytes = 4096
	offsets.commit.required.acks = -1
	offsets.commit.timeout.ms = 5000
	offsets.load.buffer.size = 5242880
	offsets.retention.check.interval.ms = 600000
	offsets.retention.minutes = 10080
	offsets.topic.compression.codec = 0
	offsets.topic.num.partitions = 50
	offsets.topic.replication.factor = 1
	offsets.topic.segment.bytes = 104857600
	password.encoder.cipher.algorithm = AES/CBC/PKCS5Padding
	password.encoder.iterations = 4096
	password.encoder.key.length = 128
	password.encoder.keyfactory.algorithm = null
	password.encoder.old.secret = null
	password.encoder.secret = null
	principal.builder.class = class org.apache.kafka.common.security.authenticator.DefaultKafkaPrincipalBuilder
	process.roles = []
	producer.id.expiration.check.interval.ms = 600000
	producer.id.expiration.ms = 86400000
	producer.purgatory.purge.interval.requests = 1000
	queued.max.request.bytes = -1
	queued.max.requests = 500
	quota.window.num = 11
	quota.window.size.seconds = 1
	remote.log.index.file.cache.total.size.bytes = 1073741824
	remote.log.manager.task.interval.ms = 30000
	remote.log.manager.task.retry.backoff.max.ms = 30000
	remote.log.manager.task.retry.backoff.ms = 500
	remote.log.manager.task.retry.jitter = 0.2
	remote.log.manager.thread.pool.size = 10
	remote.log.metadata.custom.metadata.max.bytes = 128
	remote.log.metadata.manager.class.name = org.apache.kafka.server.log.remote.metadata.storage.TopicBasedRemoteLogMetadataManager
	remote.log.metadata.manager.class.path = null
	remote.log.metadata.manager.impl.prefix = rlmm.config.
	remote.log.metadata.manager.listener.name = null
	remote.log.reader.max.pending.tasks = 100
	remote.log.reader.threads = 10
	remote.log.storage.manager.class.name = null
	remote.log.storage.manager.class.path = null
	remote.log.storage.manager.impl.prefix = rsm.config.
	remote.log.storage.system.enable = false
	replica.fetch.backoff.ms = 1000
	replica.fetch.max.bytes = 1048576
	replica.fetch.min.bytes = 1
	replica.fetch.response.max.bytes = 10485760
	replica.fetch.wait.max.ms = 500
	replica.high.watermark.checkpoint.interval.ms = 5000
	replica.lag.time.max.ms = 30000
	replica.selector.class = null
	replica.socket.receive.buffer.bytes = 65536
	replica.socket.timeout.ms = 30000
	replication.quota.window.num = 11
	replication.quota.window.size.seconds = 1
	request.timeout.ms = 30000
	reserved.broker.max.id = 1000
	sasl.client.callback.handler.class = null
	sasl.enabled.mechanisms = [GSSAPI]
	sasl.jaas.config = null
	sasl.kerberos.kinit.cmd = /usr/bin/kinit
	sasl.kerberos.min.time.before.relogin = 60000
	sasl.kerberos.principal.to.local.rules = [DEFAULT]
	sasl.kerberos.service.name = null
	sasl.kerberos.ticket.renew.jitter = 0.05
	sasl.kerberos.ticket.renew.window.factor = 0.8
	sasl.login.callback.handler.class = null
	sasl.login.class = null
	sasl.login.connect.timeout.ms = null
	sasl.login.read.timeout.ms = null
	sasl.login.refresh.buffer.seconds = 300
	sasl.login.refresh.min.period.seconds = 60
	sasl.login.refresh.window.factor = 0.8
	sasl.login.refresh.window.jitter = 0.05
	sasl.login.retry.backoff.max.ms = 10000
	sasl.login.retry.backoff.ms = 100
	sasl.mechanism.controller.protocol = GSSAPI
	sasl.mechanism.inter.broker.protocol = GSSAPI
	sasl.oauthbearer.clock.skew.seconds = 30
	sasl.oauthbearer.expected.audience = null
	sasl.oauthbearer.expected.issuer = null
	sasl.oauthbearer.jwks.endpoint.refresh.ms = 3600000
	sasl.oauthbearer.jwks.endpoint.retry.backoff.max.ms = 10000
	sasl.oauthbearer.jwks.endpoint.retry.backoff.ms = 100
	sasl.oauthbearer.jwks.endpoint.url = null
	sasl.oauthbearer.scope.claim.name = scope
	sasl.oauthbearer.sub.claim.name = sub
	sasl.oauthbearer.token.endpoint.url = null
	sasl.server.callback.handler.class = null
	sasl.server.max.receive.size = 524288
	security.inter.broker.protocol = PLAINTEXT
	security.providers = null
	server.max.startup.time.ms = 9223372036854775807
	socket.connection.setup.timeout.max.ms = 30000
	socket.connection.setup.timeout.ms = 10000
	socket.listen.backlog.size = 50
	socket.receive.buffer.bytes = 102400
	socket.request.max.bytes = 104857600
	socket.send.buffer.bytes = 102400
	ssl.cipher.suites = []
	ssl.client.auth = none
	ssl.enabled.protocols = [TLSv1.2, TLSv1.3]
	ssl.endpoint.identification.algorithm = https
	ssl.engine.factory.class = null
	ssl.key.password = null
	ssl.keymanager.algorithm = SunX509
	ssl.keystore.certificate.chain = null
	ssl.keystore.key = null
	ssl.keystore.location = null
	ssl.keystore.password = null
	ssl.keystore.type = JKS
	ssl.principal.mapping.rules = DEFAULT
	ssl.protocol = TLSv1.3
	ssl.provider = null
	ssl.secure.random.implementation = null
	ssl.trustmanager.algorithm = PKIX
	ssl.truststore.certificates = null
	ssl.truststore.location = null
	ssl.truststore.password = null
	ssl.truststore.type = JKS
	transaction.abort.timed.out.transaction.cleanup.interval.ms = 10000
	transaction.max.timeout.ms = 900000
	transaction.partition.verification.enable = true
	transaction.remove.expired.transaction.cleanup.interval.ms = 3600000
	transaction.state.log.load.buffer.size = 5242880
	transaction.state.log.min.isr = 1
	transaction.state.log.num.partitions = 50
	transaction.state.log.replication.factor = 1
	transaction.state.log.segment.bytes = 104857600
	transactional.id.expiration.ms = 604800000
	unclean.leader.election.enable = false
	unstable.api.versions.enable = false
	zookeeper.clientCnxnSocket = null
	zookeeper.connect = localhost:2181
	zookeeper.connection.timeout.ms = 18000
	zookeeper.max.in.flight.requests = 10
	zookeeper.metadata.migration.enable = false
	zookeeper.session.timeout.ms = 18000
	zookeeper.set.acl = false
	zookeeper.ssl.cipher.suites = null
	zookeeper.ssl.client.enable = false
	zookeeper.ssl.crl.enable = false
	zookeeper.ssl.enabled.protocols = null
	zookeeper.ssl.endpoint.identification.algorithm = HTTPS
	zookeeper.ssl.keystore.location = null
	zookeeper.ssl.keystore.password = null
	zookeeper.ssl.keystore.type = null
	zookeeper.ssl.ocsp.enable = false
	zookeeper.ssl.protocol = TLSv1.2
	zookeeper.ssl.truststore.location = null
	zookeeper.ssl.truststore.password = null
	zookeeper.ssl.truststore.type = null
 (kafka.server.KafkaConfig)
[2024-01-22 08:55:39,503] INFO [ThrottledChannelReaper-Fetch]: Starting (kafka.server.ClientQuotaManager$ThrottledChannelReaper)
[2024-01-22 08:55:39,504] INFO [ThrottledChannelReaper-Produce]: Starting (kafka.server.ClientQuotaManager$ThrottledChannelReaper)
[2024-01-22 08:55:39,504] INFO [ThrottledChannelReaper-Request]: Starting (kafka.server.ClientQuotaManager$ThrottledChannelReaper)
[2024-01-22 08:55:39,507] INFO [ThrottledChannelReaper-ControllerMutation]: Starting (kafka.server.ClientQuotaManager$ThrottledChannelReaper)
[2024-01-22 08:55:39,516] INFO Log directory c:\kafka\kafka-logs not found, creating it. (kafka.log.LogManager)
[2024-01-22 08:55:39,534] INFO Loading logs from log dirs ArraySeq(c:\kafka\kafka-logs) (kafka.log.LogManager)
[2024-01-22 08:55:39,539] INFO No logs found to be loaded in c:\kafka\kafka-logs (kafka.log.LogManager)
[2024-01-22 08:55:39,544] INFO Loaded 0 logs in 11ms (kafka.log.LogManager)
[2024-01-22 08:55:39,547] INFO Starting log cleanup with a period of 300000 ms. (kafka.log.LogManager)
[2024-01-22 08:55:39,548] INFO Starting log flusher with a default period of 9223372036854775807 ms. (kafka.log.LogManager)
[2024-01-22 08:55:39,610] INFO [kafka-log-cleaner-thread-0]: Starting (kafka.log.LogCleaner$CleanerThread)
[2024-01-22 08:55:39,623] INFO [feature-zk-node-event-process-thread]: Starting (kafka.server.FinalizedFeatureChangeListener$ChangeNotificationProcessorThread)
[2024-01-22 08:55:39,634] INFO Feature ZK node at path: /feature does not exist (kafka.server.FinalizedFeatureChangeListener)
[2024-01-22 08:55:39,653] INFO [zk-broker-0-to-controller-forwarding-channel-manager]: Starting (kafka.server.BrokerToControllerRequestThread)
[2024-01-22 08:55:39,860] INFO Updated connection-accept-rate max connection creation rate to 2147483647 (kafka.network.ConnectionQuotas)
[2024-01-22 08:55:39,884] INFO [SocketServer listenerType=ZK_BROKER, nodeId=0] Created data-plane acceptor and processors for endpoint : ListenerName(PLAINTEXT) (kafka.network.SocketServer)
[2024-01-22 08:55:39,891] INFO [zk-broker-0-to-controller-alter-partition-channel-manager]: Starting (kafka.server.BrokerToControllerRequestThread)
[2024-01-22 08:55:39,917] INFO [ExpirationReaper-0-Produce]: Starting (kafka.server.DelayedOperationPurgatory$ExpiredOperationReaper)
[2024-01-22 08:55:39,918] INFO [ExpirationReaper-0-Fetch]: Starting (kafka.server.DelayedOperationPurgatory$ExpiredOperationReaper)
[2024-01-22 08:55:39,919] INFO [ExpirationReaper-0-DeleteRecords]: Starting (kafka.server.DelayedOperationPurgatory$ExpiredOperationReaper)
[2024-01-22 08:55:39,921] INFO [ExpirationReaper-0-ElectLeader]: Starting (kafka.server.DelayedOperationPurgatory$ExpiredOperationReaper)
[2024-01-22 08:55:39,921] INFO [ExpirationReaper-0-RemoteFetch]: Starting (kafka.server.DelayedOperationPurgatory$ExpiredOperationReaper)
[2024-01-22 08:55:39,936] INFO [LogDirFailureHandler]: Starting (kafka.server.ReplicaManager$LogDirFailureHandler)
[2024-01-22 08:55:39,936] INFO [AddPartitionsToTxnSenderThread-0]: Starting (kafka.server.AddPartitionsToTxnManager)
[2024-01-22 08:55:39,959] INFO Creating /brokers/ids/0 (is it secure? false) (kafka.zk.KafkaZkClient)
[2024-01-22 08:55:39,978] INFO Stat of the created znode at /brokers/ids/0 is: 25,25,1705924539969,1705924539969,1,0,0,72057770364436480,224,0,25
 (kafka.zk.KafkaZkClient)
[2024-01-22 08:55:39,979] INFO Registered broker 0 at path /brokers/ids/0 with addresses: PLAINTEXT://host.docker.internal:9092, czxid (broker epoch): 25 (kafka.zk.KafkaZkClient)
[2024-01-22 08:55:40,048] INFO [ExpirationReaper-0-topic]: Starting (kafka.server.DelayedOperationPurgatory$ExpiredOperationReaper)
[2024-01-22 08:55:40,059] INFO [ExpirationReaper-0-Heartbeat]: Starting (kafka.server.DelayedOperationPurgatory$ExpiredOperationReaper)
[2024-01-22 08:55:40,059] INFO [ExpirationReaper-0-Rebalance]: Starting (kafka.server.DelayedOperationPurgatory$ExpiredOperationReaper)
[2024-01-22 08:55:40,062] INFO Successfully created /controller_epoch with initial epoch 0 (kafka.zk.KafkaZkClient)
[2024-01-22 08:55:40,077] INFO [GroupCoordinator 0]: Starting up. (kafka.coordinator.group.GroupCoordinator)
[2024-01-22 08:55:40,079] INFO Feature ZK node created at path: /feature (kafka.server.FinalizedFeatureChangeListener)
[2024-01-22 08:55:40,086] INFO [GroupCoordinator 0]: Startup complete. (kafka.coordinator.group.GroupCoordinator)
[2024-01-22 08:55:40,104] INFO [TransactionCoordinator id=0] Starting up. (kafka.coordinator.transaction.TransactionCoordinator)
[2024-01-22 08:55:40,107] INFO [MetadataCache brokerId=0] Updated cache from existing None to latest Features(version=3.6-IV2, finalizedFeatures={}, finalizedFeaturesEpoch=0). (kafka.server.metadata.ZkMetadataCache)
[2024-01-22 08:55:40,109] INFO [TransactionCoordinator id=0] Startup complete. (kafka.coordinator.transaction.TransactionCoordinator)
[2024-01-22 08:55:40,113] INFO [TxnMarkerSenderThread-0]: Starting (kafka.coordinator.transaction.TransactionMarkerChannelManager)
[2024-01-22 08:55:40,151] INFO [ExpirationReaper-0-AlterAcls]: Starting (kafka.server.DelayedOperationPurgatory$ExpiredOperationReaper)
[2024-01-22 08:55:40,176] INFO [/config/changes-event-process-thread]: Starting (kafka.common.ZkNodeChangeNotificationListener$ChangeEventProcessThread)
[2024-01-22 08:55:40,187] INFO [SocketServer listenerType=ZK_BROKER, nodeId=0] Enabling request processing. (kafka.network.SocketServer)
[2024-01-22 08:55:40,191] INFO Awaiting socket connections on 0.0.0.0:9092. (kafka.network.DataPlaneAcceptor)
[2024-01-22 08:55:40,199] INFO Kafka version: 3.6.1 (org.apache.kafka.common.utils.AppInfoParser)
[2024-01-22 08:55:40,199] INFO Kafka commitId: 5e3c2b738d253ff5 (org.apache.kafka.common.utils.AppInfoParser)
[2024-01-22 08:55:40,199] INFO Kafka startTimeMs: 1705924540194 (org.apache.kafka.common.utils.AppInfoParser)
[2024-01-22 08:55:40,201] INFO [KafkaServer id=0] started (kafka.server.KafkaServer)
[2024-01-22 08:55:40,758] INFO [zk-broker-0-to-controller-alter-partition-channel-manager]: Recorded new controller, from now on will use node host.docker.internal:9092 (id: 0 rack: null) (kafka.server.BrokerToControllerRequestThread)
[2024-01-22 08:55:40,834] INFO [zk-broker-0-to-controller-forwarding-channel-manager]: Recorded new controller, from now on will use node host.docker.internal:9092 (id: 0 rack: null) (kafka.server.BrokerToControllerRequestThread)
[2024-01-22 08:56:54,598] INFO [KafkaServer id=0] shutting down (kafka.server.KafkaServer)
[2024-01-22 08:56:54,599] INFO [KafkaServer id=0] Starting controlled shutdown (kafka.server.KafkaServer)
[2024-01-22 08:56:54,614] INFO [KafkaServer id=0] Controlled shutdown request returned successfully after 10ms (kafka.server.KafkaServer)
[2024-01-22 08:56:54,619] INFO [/config/changes-event-process-thread]: Shutting down (kafka.common.ZkNodeChangeNotificationListener$ChangeEventProcessThread)
[2024-01-22 08:56:54,620] INFO [/config/changes-event-process-thread]: Stopped (kafka.common.ZkNodeChangeNotificationListener$ChangeEventProcessThread)
[2024-01-22 08:56:54,620] INFO [/config/changes-event-process-thread]: Shutdown completed (kafka.common.ZkNodeChangeNotificationListener$ChangeEventProcessThread)
[2024-01-22 08:56:54,624] INFO [SocketServer listenerType=ZK_BROKER, nodeId=0] Stopping socket server request processors (kafka.network.SocketServer)
[2024-01-22 08:56:54,631] INFO [SocketServer listenerType=ZK_BROKER, nodeId=0] Stopped socket server request processors (kafka.network.SocketServer)
[2024-01-22 08:56:54,631] INFO [data-plane Kafka Request Handler on Broker 0], shutting down (kafka.server.KafkaRequestHandlerPool)
[2024-01-22 08:56:54,633] INFO [data-plane Kafka Request Handler on Broker 0], shut down completely (kafka.server.KafkaRequestHandlerPool)
[2024-01-22 08:56:54,634] INFO [ExpirationReaper-0-AlterAcls]: Shutting down (kafka.server.DelayedOperationPurgatory$ExpiredOperationReaper)
[2024-01-22 08:56:54,635] INFO [ExpirationReaper-0-AlterAcls]: Stopped (kafka.server.DelayedOperationPurgatory$ExpiredOperationReaper)
[2024-01-22 08:56:54,635] INFO [ExpirationReaper-0-AlterAcls]: Shutdown completed (kafka.server.DelayedOperationPurgatory$ExpiredOperationReaper)
[2024-01-22 08:56:54,636] INFO [KafkaApi-0] Shutdown complete. (kafka.server.KafkaApis)
[2024-01-22 08:56:54,636] INFO [ExpirationReaper-0-topic]: Shutting down (kafka.server.DelayedOperationPurgatory$ExpiredOperationReaper)
[2024-01-22 08:56:54,636] INFO [ExpirationReaper-0-topic]: Stopped (kafka.server.DelayedOperationPurgatory$ExpiredOperationReaper)
[2024-01-22 08:56:54,636] INFO [ExpirationReaper-0-topic]: Shutdown completed (kafka.server.DelayedOperationPurgatory$ExpiredOperationReaper)
[2024-01-22 08:56:54,638] INFO [TransactionCoordinator id=0] Shutting down. (kafka.coordinator.transaction.TransactionCoordinator)
[2024-01-22 08:56:54,638] INFO [Transaction State Manager 0]: Shutdown complete (kafka.coordinator.transaction.TransactionStateManager)
[2024-01-22 08:56:54,638] INFO [TxnMarkerSenderThread-0]: Shutting down (kafka.coordinator.transaction.TransactionMarkerChannelManager)
[2024-01-22 08:56:54,639] INFO [TxnMarkerSenderThread-0]: Stopped (kafka.coordinator.transaction.TransactionMarkerChannelManager)
[2024-01-22 08:56:54,639] INFO [TxnMarkerSenderThread-0]: Shutdown completed (kafka.coordinator.transaction.TransactionMarkerChannelManager)
[2024-01-22 08:56:54,640] INFO [TransactionCoordinator id=0] Shutdown complete. (kafka.coordinator.transaction.TransactionCoordinator)
[2024-01-22 08:56:54,640] INFO [GroupCoordinator 0]: Shutting down. (kafka.coordinator.group.GroupCoordinator)
[2024-01-22 08:56:54,640] INFO [ExpirationReaper-0-Heartbeat]: Shutting down (kafka.server.DelayedOperationPurgatory$ExpiredOperationReaper)
[2024-01-22 08:56:54,641] INFO [ExpirationReaper-0-Heartbeat]: Stopped (kafka.server.DelayedOperationPurgatory$ExpiredOperationReaper)
[2024-01-22 08:56:54,641] INFO [ExpirationReaper-0-Heartbeat]: Shutdown completed (kafka.server.DelayedOperationPurgatory$ExpiredOperationReaper)
[2024-01-22 08:56:54,641] INFO [ExpirationReaper-0-Rebalance]: Shutting down (kafka.server.DelayedOperationPurgatory$ExpiredOperationReaper)
[2024-01-22 08:56:54,641] INFO [ExpirationReaper-0-Rebalance]: Stopped (kafka.server.DelayedOperationPurgatory$ExpiredOperationReaper)
[2024-01-22 08:56:54,641] INFO [ExpirationReaper-0-Rebalance]: Shutdown completed (kafka.server.DelayedOperationPurgatory$ExpiredOperationReaper)
[2024-01-22 08:56:54,642] INFO [GroupCoordinator 0]: Shutdown complete. (kafka.coordinator.group.GroupCoordinator)
[2024-01-22 08:56:54,643] INFO [ReplicaManager broker=0] Shutting down (kafka.server.ReplicaManager)
[2024-01-22 08:56:54,643] INFO [LogDirFailureHandler]: Shutting down (kafka.server.ReplicaManager$LogDirFailureHandler)
[2024-01-22 08:56:54,643] INFO [LogDirFailureHandler]: Stopped (kafka.server.ReplicaManager$LogDirFailureHandler)
[2024-01-22 08:56:54,643] INFO [LogDirFailureHandler]: Shutdown completed (kafka.server.ReplicaManager$LogDirFailureHandler)
[2024-01-22 08:56:54,644] INFO [ReplicaFetcherManager on broker 0] shutting down (kafka.server.ReplicaFetcherManager)
[2024-01-22 08:56:54,645] INFO [ReplicaFetcherManager on broker 0] shutdown completed (kafka.server.ReplicaFetcherManager)
[2024-01-22 08:56:54,645] INFO [ReplicaAlterLogDirsManager on broker 0] shutting down (kafka.server.ReplicaAlterLogDirsManager)
[2024-01-22 08:56:54,645] INFO [ReplicaAlterLogDirsManager on broker 0] shutdown completed (kafka.server.ReplicaAlterLogDirsManager)
[2024-01-22 08:56:54,645] INFO [ExpirationReaper-0-Fetch]: Shutting down (kafka.server.DelayedOperationPurgatory$ExpiredOperationReaper)
[2024-01-22 08:56:54,646] INFO [ExpirationReaper-0-Fetch]: Stopped (kafka.server.DelayedOperationPurgatory$ExpiredOperationReaper)
[2024-01-22 08:56:54,646] INFO [ExpirationReaper-0-Fetch]: Shutdown completed (kafka.server.DelayedOperationPurgatory$ExpiredOperationReaper)
[2024-01-22 08:56:54,646] INFO [ExpirationReaper-0-RemoteFetch]: Shutting down (kafka.server.DelayedOperationPurgatory$ExpiredOperationReaper)
[2024-01-22 08:56:54,646] INFO [ExpirationReaper-0-RemoteFetch]: Stopped (kafka.server.DelayedOperationPurgatory$ExpiredOperationReaper)
[2024-01-22 08:56:54,646] INFO [ExpirationReaper-0-RemoteFetch]: Shutdown completed (kafka.server.DelayedOperationPurgatory$ExpiredOperationReaper)
[2024-01-22 08:56:54,647] INFO [ExpirationReaper-0-Produce]: Shutting down (kafka.server.DelayedOperationPurgatory$ExpiredOperationReaper)
[2024-01-22 08:56:54,647] INFO [ExpirationReaper-0-Produce]: Stopped (kafka.server.DelayedOperationPurgatory$ExpiredOperationReaper)
[2024-01-22 08:56:54,647] INFO [ExpirationReaper-0-Produce]: Shutdown completed (kafka.server.DelayedOperationPurgatory$ExpiredOperationReaper)
[2024-01-22 08:56:54,648] INFO [ExpirationReaper-0-DeleteRecords]: Shutting down (kafka.server.DelayedOperationPurgatory$ExpiredOperationReaper)
[2024-01-22 08:56:54,648] INFO [ExpirationReaper-0-DeleteRecords]: Stopped (kafka.server.DelayedOperationPurgatory$ExpiredOperationReaper)
[2024-01-22 08:56:54,648] INFO [ExpirationReaper-0-DeleteRecords]: Shutdown completed (kafka.server.DelayedOperationPurgatory$ExpiredOperationReaper)
[2024-01-22 08:56:54,648] INFO [ExpirationReaper-0-ElectLeader]: Shutting down (kafka.server.DelayedOperationPurgatory$ExpiredOperationReaper)
[2024-01-22 08:56:54,648] INFO [ExpirationReaper-0-ElectLeader]: Stopped (kafka.server.DelayedOperationPurgatory$ExpiredOperationReaper)
[2024-01-22 08:56:54,649] INFO [ExpirationReaper-0-ElectLeader]: Shutdown completed (kafka.server.DelayedOperationPurgatory$ExpiredOperationReaper)
[2024-01-22 08:56:54,654] INFO [AddPartitionsToTxnSenderThread-0]: Shutting down (kafka.server.AddPartitionsToTxnManager)
[2024-01-22 08:56:54,654] INFO [AddPartitionsToTxnSenderThread-0]: Stopped (kafka.server.AddPartitionsToTxnManager)
[2024-01-22 08:56:54,654] INFO [AddPartitionsToTxnSenderThread-0]: Shutdown completed (kafka.server.AddPartitionsToTxnManager)
[2024-01-22 08:56:54,655] INFO [ReplicaManager broker=0] Shut down completely (kafka.server.ReplicaManager)
[2024-01-22 08:56:54,655] INFO [zk-broker-0-to-controller-alter-partition-channel-manager]: Shutting down (kafka.server.BrokerToControllerRequestThread)
[2024-01-22 08:56:54,655] INFO [zk-broker-0-to-controller-alter-partition-channel-manager]: Stopped (kafka.server.BrokerToControllerRequestThread)
[2024-01-22 08:56:54,655] INFO [zk-broker-0-to-controller-alter-partition-channel-manager]: Shutdown completed (kafka.server.BrokerToControllerRequestThread)
[2024-01-22 08:56:54,656] INFO Broker to controller channel manager for alter-partition shutdown (kafka.server.BrokerToControllerChannelManagerImpl)
[2024-01-22 08:56:54,656] INFO [zk-broker-0-to-controller-forwarding-channel-manager]: Shutting down (kafka.server.BrokerToControllerRequestThread)
[2024-01-22 08:56:54,656] INFO [zk-broker-0-to-controller-forwarding-channel-manager]: Stopped (kafka.server.BrokerToControllerRequestThread)
[2024-01-22 08:56:54,656] INFO [zk-broker-0-to-controller-forwarding-channel-manager]: Shutdown completed (kafka.server.BrokerToControllerRequestThread)
[2024-01-22 08:56:54,657] INFO Broker to controller channel manager for forwarding shutdown (kafka.server.BrokerToControllerChannelManagerImpl)
[2024-01-22 08:56:54,657] INFO Shutting down. (kafka.log.LogManager)
[2024-01-22 08:56:54,658] INFO [kafka-log-cleaner-thread-0]: Shutting down (kafka.log.LogCleaner$CleanerThread)
[2024-01-22 08:56:54,659] INFO [kafka-log-cleaner-thread-0]: Stopped (kafka.log.LogCleaner$CleanerThread)
[2024-01-22 08:56:54,659] INFO [kafka-log-cleaner-thread-0]: Shutdown completed (kafka.log.LogCleaner$CleanerThread)
[2024-01-22 08:56:54,678] INFO Shutdown complete. (kafka.log.LogManager)
[2024-01-22 08:56:54,684] INFO [feature-zk-node-event-process-thread]: Shutting down (kafka.server.FinalizedFeatureChangeListener$ChangeNotificationProcessorThread)
[2024-01-22 08:56:54,684] INFO [feature-zk-node-event-process-thread]: Stopped (kafka.server.FinalizedFeatureChangeListener$ChangeNotificationProcessorThread)
[2024-01-22 08:56:54,684] INFO [feature-zk-node-event-process-thread]: Shutdown completed (kafka.server.FinalizedFeatureChangeListener$ChangeNotificationProcessorThread)
[2024-01-22 08:56:54,686] INFO [ZooKeeperClient Kafka server] Closing. (kafka.zookeeper.ZooKeeperClient)
[2024-01-22 08:56:54,799] INFO Session: 0x10000290de10000 closed (org.apache.zookeeper.ZooKeeper)
[2024-01-22 08:56:54,799] INFO EventThread shut down for session: 0x10000290de10000 (org.apache.zookeeper.ClientCnxn)
[2024-01-22 08:56:54,800] INFO [ZooKeeperClient Kafka server] Closed. (kafka.zookeeper.ZooKeeperClient)
[2024-01-22 08:56:54,800] INFO [ThrottledChannelReaper-Fetch]: Shutting down (kafka.server.ClientQuotaManager$ThrottledChannelReaper)
[2024-01-22 08:56:54,801] INFO [ThrottledChannelReaper-Fetch]: Stopped (kafka.server.ClientQuotaManager$ThrottledChannelReaper)
[2024-01-22 08:56:54,801] INFO [ThrottledChannelReaper-Fetch]: Shutdown completed (kafka.server.ClientQuotaManager$ThrottledChannelReaper)
[2024-01-22 08:56:54,801] INFO [ThrottledChannelReaper-Produce]: Shutting down (kafka.server.ClientQuotaManager$ThrottledChannelReaper)
[2024-01-22 08:56:54,801] INFO [ThrottledChannelReaper-Produce]: Stopped (kafka.server.ClientQuotaManager$ThrottledChannelReaper)
[2024-01-22 08:56:54,801] INFO [ThrottledChannelReaper-Produce]: Shutdown completed (kafka.server.ClientQuotaManager$ThrottledChannelReaper)
[2024-01-22 08:56:54,801] INFO [ThrottledChannelReaper-Request]: Shutting down (kafka.server.ClientQuotaManager$ThrottledChannelReaper)
[2024-01-22 08:56:54,802] INFO [ThrottledChannelReaper-Request]: Stopped (kafka.server.ClientQuotaManager$ThrottledChannelReaper)
[2024-01-22 08:56:54,802] INFO [ThrottledChannelReaper-Request]: Shutdown completed (kafka.server.ClientQuotaManager$ThrottledChannelReaper)
[2024-01-22 08:56:54,802] INFO [ThrottledChannelReaper-ControllerMutation]: Shutting down (kafka.server.ClientQuotaManager$ThrottledChannelReaper)
[2024-01-22 08:56:54,802] INFO [ThrottledChannelReaper-ControllerMutation]: Stopped (kafka.server.ClientQuotaManager$ThrottledChannelReaper)
[2024-01-22 08:56:54,802] INFO [ThrottledChannelReaper-ControllerMutation]: Shutdown completed (kafka.server.ClientQuotaManager$ThrottledChannelReaper)
[2024-01-22 08:56:54,803] INFO [SocketServer listenerType=ZK_BROKER, nodeId=0] Shutting down socket server (kafka.network.SocketServer)
[2024-01-22 08:56:54,816] INFO [SocketServer listenerType=ZK_BROKER, nodeId=0] Shutdown completed (kafka.network.SocketServer)
[2024-01-22 08:56:54,817] INFO Metrics scheduler closed (org.apache.kafka.common.metrics.Metrics)
[2024-01-22 08:56:54,817] INFO Closing reporter org.apache.kafka.common.metrics.JmxReporter (org.apache.kafka.common.metrics.Metrics)
[2024-01-22 08:56:54,817] INFO Metrics reporters closed (org.apache.kafka.common.metrics.Metrics)
[2024-01-22 08:56:54,818] INFO Broker and topic stats closed (kafka.server.BrokerTopicStats)
[2024-01-22 08:56:54,819] INFO App info kafka.server for 0 unregistered (org.apache.kafka.common.utils.AppInfoParser)
[2024-01-22 08:56:54,819] INFO [KafkaServer id=0] shut down completed (kafka.server.KafkaServer)
